Сборка начата 29.10.2016 8:22:05.
     1>Проект "C:\Users\Никита\Documents\Visual Studio 2015\Projects\OOP_lab5\OOP_lab5\OOP_lab5.vcxproj" в узле 2 (целевые объекты Build).
     1>InitializeBuildStatus:
         Создание "Debug\OOP_lab5.tlog\unsuccessfulbuild", так как было задано "AlwaysCreate".
       ClCompile:
         Для всех выходных данных обновления не требуется.
         C:\Program Files (x86)\Microsoft Visual Studio 14.0\VC\bin\CL.exe /c /ZI /nologo /W3 /WX- /sdl /Od /Oy- /D WIN32 /D _DEBUG /D _CONSOLE /D _UNICODE /D UNICODE /Gm /EHsc /RTC1 /MDd /GS /fp:precise /Zc:wchar_t /Zc:forScope /Zc:inline /Yu"stdafx.h" /Fp"Debug\OOP_lab5.pch" /Fo"Debug\\" /Fd"Debug\vc140.pdb" /Gd /TP /analyze- /errorReport:prompt Controller.cpp
         Controller.cpp
       Link:
         C:\Program Files (x86)\Microsoft Visual Studio 14.0\VC\bin\link.exe /ERRORREPORT:PROMPT /OUT:"C:\Users\Никита\Documents\Visual Studio 2015\Projects\OOP_lab5\Debug\OOP_lab5.exe" /INCREMENTAL /NOLOGO kernel32.lib user32.lib gdi32.lib winspool.lib comdlg32.lib advapi32.lib shell32.lib ole32.lib oleaut32.lib uuid.lib odbc32.lib odbccp32.lib /MANIFEST /MANIFESTUAC:"level='asInvoker' uiAccess='false'" /manifest:embed /Debug /PDB:"C:\Users\Никита\Documents\Visual Studio 2015\Projects\OOP_lab5\Debug\OOP_lab5.pdb" /SUBSYSTEM:CONSOLE /TLBID:1 /DYNAMICBASE /NXCOMPAT /IMPLIB:"C:\Users\Никита\Documents\Visual Studio 2015\Projects\OOP_lab5\Debug\OOP_lab5.lib" /MACHINE:X86 Debug\Book.obj
         Debug\Controller.obj
         Debug\Library.obj
         Debug\Magazine.obj
         Debug\OOP_lab5.obj
         Debug\SclB.obj
         Debug\stdafx.obj
         OOP_lab5.vcxproj -> C:\Users\Никита\Documents\Visual Studio 2015\Projects\OOP_lab5\Debug\OOP_lab5.exe
       FinalizeBuildStatus:
         Файл "Debug\OOP_lab5.tlog\unsuccessfulbuild" удаляется.
         Обращение к "Debug\OOP_lab5.tlog\OOP_lab5.lastbuildstate".
     1>Сборка проекта "C:\Users\Никита\Documents\Visual Studio 2015\Projects\OOP_lab5\OOP_lab5\OOP_lab5.vcxproj" завершена (целевые объекты Build).

Сборка успешно завершена.

Затраченное время: 00:00:01.23
