Сборка начата 26.12.2016 0:09:41.
     1>Проект "D:\day_X\OOP_DLL_13\OOP_DLL_13\OOP_DLL_13.vcxproj" в узле 2 (целевые объекты Build).
     1>InitializeBuildStatus:
         Создание "Debug\OOP_DLL_13.tlog\unsuccessfulbuild", так как было задано "AlwaysCreate".
       ClCompile:
         Для всех выходных данных обновления не требуется.
         C:\Program Files (x86)\Microsoft Visual Studio 14.0\VC\bin\CL.exe /c /ZI /nologo /W3 /WX- /sdl /Od /Oy- /D WIN32 /D _DEBUG /D _WINDOWS /D _USRDLL /D OOP_DLL_13_EXPORTS /D _WINDLL /D _UNICODE /D UNICODE /Gm /EHsc /RTC1 /MDd /GS /fp:precise /Zc:wchar_t /Zc:forScope /Zc:inline /Fo"Debug\\" /Fd"Debug\vc140.pdb" /Gd /TP /analyze- /errorReport:prompt dllmain.cpp
         dllmain.cpp
         C:\Program Files (x86)\Microsoft Visual Studio 14.0\VC\bin\CL.exe /c /ZI /nologo /W3 /WX- /sdl /Od /Oy- /D WIN32 /D _DEBUG /D _WINDOWS /D _USRDLL /D OOP_DLL_13_EXPORTS /D _WINDLL /D _UNICODE /D UNICODE /Gm /EHsc /RTC1 /MDd /GS /fp:precise /Zc:wchar_t /Zc:forScope /Zc:inline /Yu"stdafx.h" /Fp"Debug\OOP_DLL_13.pch" /Fo"Debug\\" /Fd"Debug\vc140.pdb" /Gd /TP /analyze- /errorReport:prompt OOP_DLL_13.cpp
         OOP_DLL_13.cpp
       Link:
         C:\Program Files (x86)\Microsoft Visual Studio 14.0\VC\bin\link.exe /ERRORREPORT:PROMPT /OUT:"D:\day_X\OOP_DLL_13\Debug\OOP_DLL_13.dll" /INCREMENTAL /NOLOGO kernel32.lib user32.lib gdi32.lib winspool.lib comdlg32.lib advapi32.lib shell32.lib ole32.lib oleaut32.lib uuid.lib odbc32.lib odbccp32.lib /MANIFEST /MANIFESTUAC:"level='asInvoker' uiAccess='false'" /manifest:embed /Debug /PDB:"D:\day_X\OOP_DLL_13\Debug\OOP_DLL_13.pdb" /SUBSYSTEM:WINDOWS /TLBID:1 /DYNAMICBASE /NXCOMPAT /IMPLIB:"D:\day_X\OOP_DLL_13\Debug\OOP_DLL_13.lib" /MACHINE:X86 /DLL Debug\dllmain.obj
         Debug\OOP_DLL_13.obj
         Debug\stdafx.obj
         OOP_DLL_13.vcxproj -> D:\day_X\OOP_DLL_13\Debug\OOP_DLL_13.dll
       FinalizeBuildStatus:
         Файл "Debug\OOP_DLL_13.tlog\unsuccessfulbuild" удаляется.
         Обращение к "Debug\OOP_DLL_13.tlog\OOP_DLL_13.lastbuildstate".
     1>Сборка проекта "D:\day_X\OOP_DLL_13\OOP_DLL_13\OOP_DLL_13.vcxproj" завершена (целевые объекты Build).

Сборка успешно завершена.

Затраченное время: 00:00:05.93
