Сборка начата 10.12.2016 8:40:20.
     1>Проект "C:\Users\Никита\Documents\Visual Studio 2015\Projects\Lab11_API\Lab11_API\Lab11_API.vcxproj" в узле 2 (целевые объекты Build).
     1>InitializeBuildStatus:
         Создание "Debug\Lab11_API.tlog\unsuccessfulbuild", так как было задано "AlwaysCreate".
       ClCompile:
         Для всех выходных данных обновления не требуется.
         C:\Program Files (x86)\Microsoft Visual Studio 14.0\VC\bin\CL.exe /c /ZI /nologo /W3 /WX- /sdl /Od /Oy- /D WIN32 /D _DEBUG /D _WINDOWS /D _UNICODE /D UNICODE /Gm /EHsc /RTC1 /MDd /GS /fp:precise /Zc:wchar_t /Zc:forScope /Zc:inline /Yu"stdafx.h" /Fp"Debug\Lab11_API.pch" /Fo"Debug\\" /Fd"Debug\vc140.pdb" /Gd /TP /analyze- /errorReport:prompt Lab11_API.cpp
         Lab11_API.cpp
     1>c:\users\никита\documents\visual studio 2015\projects\lab11_api\lab11_api\lab11_api.cpp(162): warning C4101: wmId: неиспользованная локальная переменная
       ResourceCompile:
         Для всех выходных данных обновления не требуется.
       Link:
         C:\Program Files (x86)\Microsoft Visual Studio 14.0\VC\bin\link.exe /ERRORREPORT:PROMPT /OUT:"C:\Users\Никита\Documents\Visual Studio 2015\Projects\Lab11_API\Lab11_API\Debug\Lab11_API.exe" /INCREMENTAL /NOLOGO kernel32.lib user32.lib gdi32.lib winspool.lib comdlg32.lib advapi32.lib shell32.lib ole32.lib oleaut32.lib uuid.lib odbc32.lib odbccp32.lib /MANIFEST /MANIFESTUAC:"level='asInvoker' uiAccess='false'" /manifest:embed /Debug /PDB:"C:\Users\Никита\Documents\Visual Studio 2015\Projects\Lab11_API\Lab11_API\Debug\Lab11_API.pdb" /SUBSYSTEM:WINDOWS /TLBID:1 /DYNAMICBASE /NXCOMPAT /IMPLIB:"C:\Users\Никита\Documents\Visual Studio 2015\Projects\Lab11_API\Lab11_API\Debug\Lab11_API.lib" /MACHINE:X86 Debug\Lab11_API.res
         Debug\Lab11_API.obj
         Debug\stdafx.obj
         Lab11_API.vcxproj -> C:\Users\Никита\Documents\Visual Studio 2015\Projects\Lab11_API\Lab11_API\Debug\Lab11_API.exe
       FinalizeBuildStatus:
         Файл "Debug\Lab11_API.tlog\unsuccessfulbuild" удаляется.
         Обращение к "Debug\Lab11_API.tlog\Lab11_API.lastbuildstate".
     1>Сборка проекта "C:\Users\Никита\Documents\Visual Studio 2015\Projects\Lab11_API\Lab11_API\Lab11_API.vcxproj" завершена (целевые объекты Build).

Сборка успешно завершена.

Затраченное время: 00:00:01.13
